<?xml version="1.0" encoding="UTF-8"?>
<coverage generated="1727101520729" clover="3.2.0">
  <project timestamp="1727101520729" name="All files">
    <metrics statements="27" coveredstatements="23" conditionals="20" coveredconditionals="13" methods="6" coveredmethods="6" elements="53" coveredelements="42" complexity="0" loc="27" ncloc="27" packages="2" files="3" classes="3"/>
    <package name="src">
      <metrics statements="14" coveredstatements="12" conditionals="10" coveredconditionals="7" methods="2" coveredmethods="2"/>
      <file name="buildDifferenceTree.js" path="C:\Users\IT\Desktop\JS\ALFASTRAH\hexlet\Проект 2\frontend-project-46\src\buildDifferenceTree.js">
        <metrics statements="14" coveredstatements="12" conditionals="10" coveredconditionals="7" methods="2" coveredmethods="2"/>
        <line num="1" count="1" type="stmt"/>
        <line num="2" count="1" type="stmt"/>
        <line num="3" count="1" type="stmt"/>
        <line num="5" count="1" type="stmt"/>
        <line num="6" count="3" type="cond" truecount="2" falsecount="0"/>
        <line num="7" count="1" type="stmt"/>
        <line num="8" count="2" type="cond" truecount="2" falsecount="0"/>
        <line num="9" count="1" type="stmt"/>
        <line num="10" count="1" type="cond" truecount="2" falsecount="2"/>
        <line num="11" count="0" type="stmt"/>
        <line num="12" count="1" type="cond" truecount="1" falsecount="1"/>
        <line num="13" count="1" type="stmt"/>
        <line num="15" count="0" type="stmt"/>
        <line num="19" count="1" type="stmt"/>
      </file>
    </package>
    <package name="src.formatters">
      <metrics statements="13" coveredstatements="11" conditionals="10" coveredconditionals="6" methods="4" coveredmethods="4"/>
      <file name="json.js" path="C:\Users\IT\Desktop\JS\ALFASTRAH\hexlet\Проект 2\frontend-project-46\src\formatters\json.js">
        <metrics statements="1" coveredstatements="1" conditionals="0" coveredconditionals="0" methods="1" coveredmethods="1"/>
        <line num="1" count="1" type="stmt"/>
      </file>
      <file name="plain.js" path="C:\Users\IT\Desktop\JS\ALFASTRAH\hexlet\Проект 2\frontend-project-46\src\formatters\plain.js">
        <metrics statements="12" coveredstatements="10" conditionals="10" coveredconditionals="6" methods="3" coveredmethods="3"/>
        <line num="1" count="1" type="stmt"/>
        <line num="2" count="3" type="cond" truecount="1" falsecount="0"/>
        <line num="3" count="3" type="stmt"/>
        <line num="4" count="3" type="stmt"/>
        <line num="5" count="3" type="cond" truecount="1" falsecount="1"/>
        <line num="7" count="3" type="cond" truecount="3" falsecount="2"/>
        <line num="9" count="1" type="cond" truecount="1" falsecount="1"/>
        <line num="11" count="1" type="stmt"/>
        <line num="13" count="1" type="stmt"/>
        <line num="15" count="0" type="stmt"/>
        <line num="17" count="0" type="stmt"/>
        <line num="22" count="3" type="stmt"/>
      </file>
    </package>
  </project>
</coverage>
