{"C:\\Users\\IT\\Desktop\\JS\\ALFASTRAH\\hexlet\\Проект 2\\frontend-project-46\\src\\diff.js": {"path":"C:\\Users\\IT\\Desktop\\JS\\ALFASTRAH\\hexlet\\Проект 2\\frontend-project-46\\src\\diff.js","statementMap":{"0":{"start":{"line":1,"column":13},"end":{"line":20,"column":3}},"1":{"start":{"line":2,"column":17},"end":{"line":2,"column":70}},"2":{"start":{"line":3,"column":19},"end":{"line":3,"column":21}},"3":{"start":{"line":5,"column":4},"end":{"line":17,"column":7}},"4":{"start":{"line":6,"column":6},"end":{"line":16,"column":7}},"5":{"start":{"line":7,"column":8},"end":{"line":7,"column":64}},"6":{"start":{"line":8,"column":13},"end":{"line":16,"column":7}},"7":{"start":{"line":9,"column":8},"end":{"line":9,"column":62}},"8":{"start":{"line":10,"column":13},"end":{"line":16,"column":7}},"9":{"start":{"line":11,"column":8},"end":{"line":11,"column":83}},"10":{"start":{"line":12,"column":13},"end":{"line":16,"column":7}},"11":{"start":{"line":13,"column":8},"end":{"line":13,"column":88}},"12":{"start":{"line":15,"column":8},"end":{"line":15,"column":66}},"13":{"start":{"line":19,"column":4},"end":{"line":19,"column":18}}},"fnMap":{"0":{"name":"(anonymous_0)","decl":{"start":{"line":1,"column":13},"end":{"line":1,"column":14}},"loc":{"start":{"line":1,"column":29},"end":{"line":20,"column":3}},"line":1},"1":{"name":"(anonymous_1)","decl":{"start":{"line":5,"column":17},"end":{"line":5,"column":18}},"loc":{"start":{"line":5,"column":26},"end":{"line":17,"column":5}},"line":5}},"branchMap":{"0":{"loc":{"start":{"line":6,"column":6},"end":{"line":16,"column":7}},"type":"if","locations":[{"start":{"line":6,"column":6},"end":{"line":16,"column":7}},{"start":{"line":8,"column":13},"end":{"line":16,"column":7}}],"line":6},"1":{"loc":{"start":{"line":8,"column":13},"end":{"line":16,"column":7}},"type":"if","locations":[{"start":{"line":8,"column":13},"end":{"line":16,"column":7}},{"start":{"line":10,"column":13},"end":{"line":16,"column":7}}],"line":8},"2":{"loc":{"start":{"line":10,"column":13},"end":{"line":16,"column":7}},"type":"if","locations":[{"start":{"line":10,"column":13},"end":{"line":16,"column":7}},{"start":{"line":12,"column":13},"end":{"line":16,"column":7}}],"line":10},"3":{"loc":{"start":{"line":10,"column":17},"end":{"line":10,"column":75}},"type":"binary-expr","locations":[{"start":{"line":10,"column":17},"end":{"line":10,"column":44}},{"start":{"line":10,"column":48},"end":{"line":10,"column":75}}],"line":10},"4":{"loc":{"start":{"line":12,"column":13},"end":{"line":16,"column":7}},"type":"if","locations":[{"start":{"line":12,"column":13},"end":{"line":16,"column":7}},{"start":{"line":14,"column":13},"end":{"line":16,"column":7}}],"line":12}},"s":{"0":1,"1":1,"2":1,"3":1,"4":3,"5":1,"6":2,"7":1,"8":1,"9":0,"10":1,"11":1,"12":0,"13":1},"f":{"0":1,"1":3},"b":{"0":[1,2],"1":[1,1],"2":[0,1],"3":[1,0],"4":[1,0]},"_coverageSchema":"1a1c01bbd47fc00a2c39e90264f33305004495a9","hash":"ff386bb2106ef448dadae2392e9e8584123e6a1d"}
,"C:\\Users\\IT\\Desktop\\JS\\ALFASTRAH\\hexlet\\Проект 2\\frontend-project-46\\src\\formatters\\json.js": {"path":"C:\\Users\\IT\\Desktop\\JS\\ALFASTRAH\\hexlet\\Проект 2\\frontend-project-46\\src\\formatters\\json.js","statementMap":{"0":{"start":{"line":1,"column":22},"end":{"line":1,"column":61}},"1":{"start":{"line":1,"column":32},"end":{"line":1,"column":61}}},"fnMap":{"0":{"name":"(anonymous_0)","decl":{"start":{"line":1,"column":22},"end":{"line":1,"column":23}},"loc":{"start":{"line":1,"column":32},"end":{"line":1,"column":61}},"line":1}},"branchMap":{},"s":{"0":1,"1":1},"f":{"0":1},"b":{},"_coverageSchema":"1a1c01bbd47fc00a2c39e90264f33305004495a9","hash":"acbad25c812c38c7e2cf58258997073f91fe6e71"}
,"C:\\Users\\IT\\Desktop\\JS\\ALFASTRAH\\hexlet\\Проект 2\\frontend-project-46\\src\\formatters\\plain.js": {"path":"C:\\Users\\IT\\Desktop\\JS\\ALFASTRAH\\hexlet\\Проект 2\\frontend-project-46\\src\\formatters\\plain.js","statementMap":{"0":{"start":{"line":1,"column":14},"end":{"line":23,"column":3}},"1":{"start":{"line":2,"column":17},"end":{"line":20,"column":5}},"2":{"start":{"line":3,"column":6},"end":{"line":19,"column":20}},"3":{"start":{"line":4,"column":49},"end":{"line":4,"column":53}},"4":{"start":{"line":5,"column":27},"end":{"line":5,"column":66}},"5":{"start":{"line":7,"column":8},"end":{"line":18,"column":9}},"6":{"start":{"line":9,"column":12},"end":{"line":9,"column":103}},"7":{"start":{"line":11,"column":12},"end":{"line":11,"column":58}},"8":{"start":{"line":13,"column":12},"end":{"line":13,"column":93}},"9":{"start":{"line":15,"column":12},"end":{"line":15,"column":46}},"10":{"start":{"line":17,"column":12},"end":{"line":17,"column":22}},"11":{"start":{"line":22,"column":4},"end":{"line":22,"column":22}}},"fnMap":{"0":{"name":"(anonymous_0)","decl":{"start":{"line":1,"column":14},"end":{"line":1,"column":15}},"loc":{"start":{"line":1,"column":24},"end":{"line":23,"column":3}},"line":1},"1":{"name":"(anonymous_1)","decl":{"start":{"line":2,"column":17},"end":{"line":2,"column":18}},"loc":{"start":{"line":2,"column":44},"end":{"line":20,"column":5}},"line":2},"2":{"name":"(anonymous_2)","decl":{"start":{"line":3,"column":27},"end":{"line":3,"column":28}},"loc":{"start":{"line":3,"column":37},"end":{"line":19,"column":7}},"line":3}},"branchMap":{"0":{"loc":{"start":{"line":2,"column":25},"end":{"line":2,"column":39}},"type":"default-arg","locations":[{"start":{"line":2,"column":37},"end":{"line":2,"column":39}}],"line":2},"1":{"loc":{"start":{"line":5,"column":27},"end":{"line":5,"column":66}},"type":"cond-expr","locations":[{"start":{"line":5,"column":39},"end":{"line":5,"column":60}},{"start":{"line":5,"column":63},"end":{"line":5,"column":66}}],"line":5},"2":{"loc":{"start":{"line":7,"column":8},"end":{"line":18,"column":9}},"type":"switch","locations":[{"start":{"line":8,"column":10},"end":{"line":9,"column":103}},{"start":{"line":10,"column":10},"end":{"line":11,"column":58}},{"start":{"line":12,"column":10},"end":{"line":13,"column":93}},{"start":{"line":14,"column":10},"end":{"line":15,"column":46}},{"start":{"line":16,"column":10},"end":{"line":17,"column":22}}],"line":7},"3":{"loc":{"start":{"line":9,"column":69},"end":{"line":9,"column":100}},"type":"cond-expr","locations":[{"start":{"line":9,"column":86},"end":{"line":9,"column":92}},{"start":{"line":9,"column":95},"end":{"line":9,"column":100}}],"line":9}},"s":{"0":1,"1":3,"2":3,"3":3,"4":3,"5":3,"6":1,"7":1,"8":1,"9":0,"10":0,"11":3},"f":{"0":3,"1":3,"2":3},"b":{"0":[3],"1":[0,3],"2":[1,1,1,0,0],"3":[0,1]},"_coverageSchema":"1a1c01bbd47fc00a2c39e90264f33305004495a9","hash":"429034d8508b5dfba4f240d6b6313bda4c97fe76"}
}
