TN:
SF:src\buildDifferenceTree.js
FN:1,(anonymous_0)
FN:5,(anonymous_1)
FNF:2
FNH:2
FNDA:1,(anonymous_0)
FNDA:3,(anonymous_1)
DA:1,1
DA:2,1
DA:3,1
DA:5,1
DA:6,3
DA:7,1
DA:8,2
DA:9,1
DA:10,1
DA:11,0
DA:12,1
DA:13,1
DA:15,0
DA:19,1
LF:14
LH:12
BRDA:6,0,0,1
BRDA:6,0,1,2
BRDA:8,1,0,1
BRDA:8,1,1,1
BRDA:10,2,0,0
BRDA:10,2,1,1
BRDA:10,3,0,1
BRDA:10,3,1,0
BRDA:12,4,0,1
BRDA:12,4,1,0
BRF:10
BRH:7
end_of_record
TN:
SF:src\formatters\json.js
FN:1,(anonymous_0)
FNF:1
FNH:1
FNDA:1,(anonymous_0)
DA:1,1
LF:1
LH:1
BRF:0
BRH:0
end_of_record
TN:
SF:src\formatters\plain.js
FN:1,(anonymous_0)
FN:2,(anonymous_1)
FN:3,(anonymous_2)
FNF:3
FNH:3
FNDA:3,(anonymous_0)
FNDA:3,(anonymous_1)
FNDA:3,(anonymous_2)
DA:1,1
DA:2,3
DA:3,3
DA:4,3
DA:5,3
DA:7,3
DA:9,1
DA:11,1
DA:13,1
DA:15,0
DA:17,0
DA:22,3
LF:12
LH:10
BRDA:2,0,0,3
BRDA:5,1,0,0
BRDA:5,1,1,3
BRDA:7,2,0,1
BRDA:7,2,1,1
BRDA:7,2,2,1
BRDA:7,2,3,0
BRDA:7,2,4,0
BRDA:9,3,0,0
BRDA:9,3,1,1
BRF:10
BRH:6
end_of_record
